  GameEngineSample.cpp
D:\Project\GameEngine\GameEngineSample\GameEngineSample.cpp(127,33): warning C4838: 'double'에서 'int'(으)로의 변환에는 축소 변환이 필요합니다.
D:\Project\GameEngine\GameEngineSample\GameEngineSample.cpp(127,33): warning C4244: '초기화 중': 'double'에서 'int'(으)로 변환하면서 데이터가 손실될 수 있습니다.
D:\Project\GameEngine\GameEngineSample\GameEngineSample.cpp(130,34): warning C4838: 'double'에서 'int'(으)로의 변환에는 축소 변환이 필요합니다.
D:\Project\GameEngine\GameEngineSample\GameEngineSample.cpp(130,34): warning C4244: '초기화 중': 'double'에서 'int'(으)로 변환하면서 데이터가 손실될 수 있습니다.
D:\Project\GameEngine\GameEngineSample\GameEngineSample.cpp(133,39): warning C4838: 'double'에서 'int'(으)로의 변환에는 축소 변환이 필요합니다.
D:\Project\GameEngine\GameEngineSample\GameEngineSample.cpp(133,39): warning C4244: '초기화 중': 'double'에서 'int'(으)로 변환하면서 데이터가 손실될 수 있습니다.
D:\Project\GameEngine\GameEngineSample\GameEngineSample.cpp(144,41): warning C4838: 'double'에서 'int'(으)로의 변환에는 축소 변환이 필요합니다.
D:\Project\GameEngine\GameEngineSample\GameEngineSample.cpp(144,41): warning C4244: '초기화 중': 'double'에서 'int'(으)로 변환하면서 데이터가 손실될 수 있습니다.
D:\Project\GameEngine\GameEngineSample\GameEngineSample.cpp(147,42): warning C4838: 'double'에서 'int'(으)로의 변환에는 축소 변환이 필요합니다.
D:\Project\GameEngine\GameEngineSample\GameEngineSample.cpp(147,42): warning C4244: '초기화 중': 'double'에서 'int'(으)로 변환하면서 데이터가 손실될 수 있습니다.
D:\Project\GameEngine\GameEngineSample\GameEngineSample.cpp(150,47): warning C4838: 'double'에서 'int'(으)로의 변환에는 축소 변환이 필요합니다.
D:\Project\GameEngine\GameEngineSample\GameEngineSample.cpp(150,47): warning C4244: '초기화 중': 'double'에서 'int'(으)로 변환하면서 데이터가 손실될 수 있습니다.
D:\Project\GameEngine\GameEngineSample\GameEngineSample.cpp(161,41): warning C4838: 'double'에서 'int'(으)로의 변환에는 축소 변환이 필요합니다.
D:\Project\GameEngine\GameEngineSample\GameEngineSample.cpp(161,41): warning C4244: '초기화 중': 'double'에서 'int'(으)로 변환하면서 데이터가 손실될 수 있습니다.
D:\Project\GameEngine\GameEngineSample\GameEngineSample.cpp(164,42): warning C4838: 'double'에서 'int'(으)로의 변환에는 축소 변환이 필요합니다.
D:\Project\GameEngine\GameEngineSample\GameEngineSample.cpp(164,42): warning C4244: '초기화 중': 'double'에서 'int'(으)로 변환하면서 데이터가 손실될 수 있습니다.
D:\Project\GameEngine\GameEngineSample\GameEngineSample.cpp(167,47): warning C4838: 'double'에서 'int'(으)로의 변환에는 축소 변환이 필요합니다.
D:\Project\GameEngine\GameEngineSample\GameEngineSample.cpp(167,47): warning C4244: '초기화 중': 'double'에서 'int'(으)로 변환하면서 데이터가 손실될 수 있습니다.
D:\Project\GameEngine\GameEngineSample\GameEngineSample.cpp(205,39): warning C4838: 'double'에서 'int'(으)로의 변환에는 축소 변환이 필요합니다.
D:\Project\GameEngine\GameEngineSample\GameEngineSample.cpp(205,39): warning C4244: '초기화 중': 'double'에서 'int'(으)로 변환하면서 데이터가 손실될 수 있습니다.
D:\Project\GameEngine\GameEngineSample\GameEngineSample.cpp(205,70): warning C4838: 'double'에서 'int'(으)로의 변환에는 축소 변환이 필요합니다.
D:\Project\GameEngine\GameEngineSample\GameEngineSample.cpp(205,70): warning C4244: '초기화 중': 'double'에서 'int'(으)로 변환하면서 데이터가 손실될 수 있습니다.
D:\Project\GameEngine\GameEngineSample\GameEngineSample.cpp(51): warning C4715: 'init_System': 모든 제어 경로에서 값을 반환하지는 않습니다.
  GameEngineSample.vcxproj -> D:\Project\GameEngine\x64\Debug\GameEngineSample.exe
